#
# A fatal error has been detected by the Java Runtime Environment:
#
#  EXCEPTION_ACCESS_VIOLATION (0xc0000005) at pc=0x5fa362b2, pid=6128, tid=3724
#
# JRE version: Java(TM) SE Runtime Environment (7.0_79-b15) (build 1.7.0_79-b15)
# Java VM: Java HotSpot(TM) Client VM (24.79-b02 mixed mode, sharing windows-x86 )
# Problematic frame:
# V  [jvm.dll+0xc62b2]
#
# Failed to write core dump. Minidumps are not enabled by default on client versions of Windows
#
# If you would like to submit a bug report, please visit:
#   http://bugreport.java.com/bugreport/crash.jsp
#

---------------  T H R E A D  ---------------

Current thread (0x00649800):  JavaThread "AWT-Windows" daemon [_thread_in_vm, id=3724, stack(0x03fd0000,0x04020000)]

siginfo: ExceptionCode=0xc0000005, reading address 0x00000000

Registers:
EAX=0x38e03690, EBX=0x00000000, ECX=0x38e03690, EDX=0xffffffff
ESP=0x0401f7cc, EBP=0x0401f7f0, ESI=0x38e03690, EDI=0x38f92cb0
EIP=0x5fa362b2, EFLAGS=0x00010206

Top of Stack: (sp=0x0401f7cc)
0x0401f7cc:   00000015 00649800 00649930 00009b75
0x0401f7dc:   817f23e8 00000015 00649930 38e03690
0x0401f7ec:   38f92cb0 0401f81c 5fa365e9 00000000
0x0401f7fc:   61fa23c0 00000001 00649800 00000000
0x0401f80c:   00649800 00615dcc 00000224 5fc27668
0x0401f81c:   0401f860 61f7187e 00649930 00000000
0x0401f82c:   61fa23c0 61f9d0bc 567d7327 0401f8dc
0x0401f83c:   00000015 00000000 0401f8dc 00000000 

Instructions: (pc=0x5fa362b2)
0x5fa36292:   e8 79 7b f7 ff 83 c4 0c 8b f0 89 75 f8 85 ff 0f
0x5fa362a2:   84 44 01 00 00 85 f6 0f 84 3c 01 00 00 8b 5d 08
0x5fa362b2:   8b 03 50 e8 06 ed f6 ff 83 c4 04 84 c0 74 39 8b
0x5fa362c2:   55 0c a1 1c ae ca 5f 8b 4d 14 52 50 68 44 06 00 


Register to memory mapping:

EAX=0x38e03690 is an unknown value
EBX=0x00000000 is an unknown value
ECX=0x38e03690 is an unknown value
EDX=0xffffffff is an unknown value
ESP=0x0401f7cc is pointing into the stack for thread: 0x00649800
EBP=0x0401f7f0 is pointing into the stack for thread: 0x00649800
ESI=0x38e03690 is an unknown value
EDI=0x38f92cb0 is an unknown value


Stack: [0x03fd0000,0x04020000],  sp=0x0401f7cc,  free space=317k
Native frames: (J=compiled Java code, j=interpreted, Vv=VM code, C=native code)
V  [jvm.dll+0xc62b2]
V  [jvm.dll+0xc65e9]
C  [awt.dll+0x9187e]
C  [USER32.dll+0x186ef]
C  [USER32.dll+0x18876]
C  [USER32.dll+0x170f4]
C  [USER32.dll+0x1738f]
C  [ntdll.dll+0x4640e]
C  [USER32.dll+0x192a9]

Java frames: (J=compiled Java code, j=interpreted, Vv=VM code)
j  sun.awt.windows.WToolkit.eventLoop()V+0
j  sun.awt.windows.WToolkit.run()V+61
j  java.lang.Thread.run()V+11
v  ~StubRoutines::call_stub

---------------  P R O C E S S  ---------------

Java Threads: ( => current thread )
  0x000ebc00 JavaThread "DestroyJavaVM" [_thread_blocked, id=5132, stack(0x00c80000,0x00cd0000)]
=>0x00649800 JavaThread "AWT-Windows" daemon [_thread_in_vm, id=3724, stack(0x03fd0000,0x04020000)]
  0x00649000 JavaThread "AWT-Shutdown" [_thread_blocked, id=5896, stack(0x03f40000,0x03f90000)]
  0x00646400 JavaThread "Java2D Disposer" daemon [_thread_blocked, id=2920, stack(0x00e20000,0x00e70000)]
  0x00613400 JavaThread "Service Thread" daemon [_thread_blocked, id=4404, stack(0x00c20000,0x00c70000)]
  0x00604c00 JavaThread "C1 CompilerThread0" daemon [_thread_blocked, id=3804, stack(0x00d70000,0x00dc0000)]
  0x00603c00 JavaThread "Attach Listener" daemon [_thread_blocked, id=4148, stack(0x00cf0000,0x00d40000)]
  0x00600800 JavaThread "Signal Dispatcher" daemon [_thread_blocked, id=4032, stack(0x01000000,0x01050000)]
  0x00596000 JavaThread "Finalizer" daemon [_thread_blocked, id=4608, stack(0x00e70000,0x00ec0000)]
  0x00591000 JavaThread "Reference Handler" daemon [_thread_blocked, id=2504, stack(0x00f10000,0x00f60000)]

Other Threads:
  0x0058ec00 VMThread [stack: 0x00dd0000,0x00e20000] [id=4852]
  0x0061c400 WatcherThread [stack: 0x03db0000,0x03e00000] [id=5880]

VM state:not at safepoint (normal execution)

VM Mutex/Monitor currently owned by a thread: None

Heap
 def new generation   total 78656K, used 78655K [0x23800000, 0x28d50000, 0x28d50000)
  eden space 69952K, 100% used [0x23800000, 0x27c50000, 0x27c50000)
  from space 8704K,  99% used [0x284d0000, 0x28d4fff0, 0x28d50000)
  to   space 8704K,   0% used [0x27c50000, 0x27c50000, 0x284d0000)
 tenured generation   total 174784K, used 174783K [0x28d50000, 0x33800000, 0x33800000)
   the space 174784K,  99% used [0x28d50000, 0x337ffff0, 0x33800000, 0x33800000)
 compacting perm gen  total 12288K, used 324K [0x33800000, 0x34400000, 0x37800000)
   the space 12288K,   2% used [0x33800000, 0x33851368, 0x33851400, 0x34400000)
    ro space 10240K,  44% used [0x37800000, 0x37c7c1d8, 0x37c7c200, 0x38200000)
    rw space 12288K,  52% used [0x38200000, 0x388440c0, 0x38844200, 0x38e00000)

Card table byte_map: [0x00b50000,0x00c00000] byte_map_base: 0x00a34000

Polling page: 0x00130000

Code Cache  [0x01c80000, 0x01d28000, 0x03c80000)
 total_blobs=224 nmethods=59 adapters=102 free_code_cache=32113Kb largest_free_block=32883904

Compilation events (10 events):
Event: 0.311 Thread 0x00604c00   55             sun.awt.EventQueueItem::<init> (10 bytes)
Event: 0.311 Thread 0x00604c00 nmethod 55 0x01d1fa88 code [0x01d1fb80, 0x01d1fc10]
Event: 0.311 Thread 0x00604c00   56             java.awt.EventQueue::cacheEQItem (71 bytes)
Event: 0.312 Thread 0x00604c00 nmethod 56 0x01d1fc48 code [0x01d1fd60, 0x01d1ffdc]
Event: 0.312 Thread 0x00604c00   57             Registration::main (11 bytes)
Event: 0.312 Thread 0x00604c00 nmethod 57 0x01d201c8 code [0x01d20310, 0x01d204b8]
Event: 0.312 Thread 0x00604c00   58             Registration$1::<init> (5 bytes)
Event: 0.312 Thread 0x00604c00 nmethod 58 0x01d20688 code [0x01d20780, 0x01d20800]
Event: 0.363 Thread 0x00604c00   59 % !         Manager$1::run @ 211 (294 bytes)
Event: 0.368 Thread 0x00604c00 nmethod 59% 0x01d20848 code [0x01d20ca0, 0x01d21c94]

GC Heap History (10 events):
Event: 563272.869 GC heap before
{Heap before GC invocations=38 (full 31):
 def new generation   total 78656K, used 78655K [0x23800000, 0x28d50000, 0x28d50000)
  eden space 69952K, 100% used [0x23800000, 0x27c50000, 0x27c50000)
  from space 8704K,  99% used [0x284d0000, 0x28d4ffc0, 0x28d50000)
  to   space 8704K,   0% used [0x27c50000, 0x27c50000, 0x284d0000)
 tenured generation   total 174784K, used 174783K [0x28d50000, 0x33800000, 0x33800000)
   the space 174784K,  99% used [0x28d50000, 0x337fffe8, 0x33800000, 0x33800000)
 compacting perm gen  total 12288K, used 322K [0x33800000, 0x34400000, 0x37800000)
   the space 12288K,   2% used [0x33800000, 0x33850bd8, 0x33850c00, 0x34400000)
    ro space 10240K,  44% used [0x37800000, 0x37c7c1d8, 0x37c7c200, 0x38200000)
    rw space 12288K,  52% used [0x38200000, 0x388440c0, 0x38844200, 0x38e00000)
Event: 563373.485 GC heap after
Heap after GC invocations=39 (full 32):
 def new generation   total 78656K, used 78655K [0x23800000, 0x28d50000, 0x28d50000)
  eden space 69952K, 100% used [0x23800000, 0x27c50000, 0x27c50000)
  from space 8704K,  99% used [0x284d0000, 0x28d4fcd8, 0x28d50000)
  to   space 8704K,   0% used [0x27c50000, 0x27c50000, 0x284d0000)
 tenured generation   total 174784K, used 174783K [0x28d50000, 0x33800000, 0x33800000)
   the space 174784K,  99% used [0x28d50000, 0x337ffff0, 0x33800000, 0x33800000)
 compacting perm gen  total 12288K, used 322K [0x33800000, 0x34400000, 0x37800000)
   the space 12288K,   2% used [0x33800000, 0x33850b98, 0x33850c00, 0x34400000)
    ro space 10240K,  44% used [0x37800000, 0x37c7c1d8, 0x37c7c200, 0x38200000)
    rw space 12288K,  52% used [0x38200000, 0x388440c0, 0x38844200, 0x38e00000)
}
Event: 563374.400 GC heap before
{Heap before GC invocations=39 (full 32):
 def new generation   total 78656K, used 78655K [0x23800000, 0x28d50000, 0x28d50000)
  eden space 69952K, 100% used [0x23800000, 0x27c50000, 0x27c50000)
  from space 8704K,  99% used [0x284d0000, 0x28d4ffe8, 0x28d50000)
  to   space 8704K,   0% used [0x27c50000, 0x27c50000, 0x284d0000)
 tenured generation   total 174784K, used 174783K [0x28d50000, 0x33800000, 0x33800000)
   the space 174784K,  99% used [0x28d50000, 0x337ffff0, 0x33800000, 0x33800000)
 compacting perm gen  total 12288K, used 324K [0x33800000, 0x34400000, 0x37800000)
   the space 12288K,   2% used [0x33800000, 0x33851368, 0x33851400, 0x34400000)
    ro space 10240K,  44% used [0x37800000, 0x37c7c1d8, 0x37c7c200, 0x38200000)
    rw space 12288K,  52% used [0x38200000, 0x388440c0, 0x38844200, 0x38e00000)
Event: 563376.687 GC heap after
Heap after GC invocations=40 (full 33):
 def new generation   total 78656K, used 78655K [0x23800000, 0x28d50000, 0x28d50000)
  eden space 69952K, 100% used [0x23800000, 0x27c50000, 0x27c50000)
  from space 8704K,  99% used [0x284d0000, 0x28d4ff58, 0x28d50000)
  to   space 8704K,   0% used [0x27c50000, 0x27c50000, 0x284d0000)
 tenured generation   total 174784K, used 174783K [0x28d50000, 0x33800000, 0x33800000)
   the space 174784K,  99% used [0x28d50000, 0x337ffff0, 0x33800000, 0x33800000)
 compacting perm gen  total 12288K, used 324K [0x33800000, 0x34400000, 0x37800000)
   the space 12288K,   2% used [0x33800000, 0x33851368, 0x33851400, 0x34400000)
    ro space 10240K,  44% used [0x37800000, 0x37c7c1d8, 0x37c7c200, 0x38200000)
    rw space 12288K,  52% used [0x38200000, 0x388440c0, 0x38844200, 0x38e00000)
}
Event: 563378.199 GC heap before
{Heap before GC invocations=40 (full 33):
 def new generation   total 78656K, used 78655K [0x23800000, 0x28d50000, 0x28d50000)
  eden space 69952K, 100% used [0x23800000, 0x27c50000, 0x27c50000)
  from space 8704K,  99% used [0x284d0000, 0x28d4ffd8, 0x28d50000)
  to   space 8704K,   0% used [0x27c50000, 0x27c50000, 0x284d0000)
 tenured generation   total 174784K, used 174783K [0x28d50000, 0x33800000, 0x33800000)
   the space 174784K,  99% used [0x28d50000, 0x337ffff0, 0x33800000, 0x33800000)
 compacting perm gen  total 12288K, used 324K [0x33800000, 0x34400000, 0x37800000)
   the space 12288K,   2% used [0x33800000, 0x33851368, 0x33851400, 0x34400000)
    ro space 10240K,  44% used [0x37800000, 0x37c7c1d8, 0x37c7c200, 0x38200000)
    rw space 12288K,  52% used [0x38200000, 0x388440c0, 0x38844200, 0x38e00000)
Event: 563380.083 GC heap after
Heap after GC invocations=41 (full 34):
 def new generation   total 78656K, used 78655K [0x23800000, 0x28d50000, 0x28d50000)
  eden space 69952K, 100% used [0x23800000, 0x27c50000, 0x27c50000)
  from space 8704K,  99% used [0x284d0000, 0x28d4ff78, 0x28d50000)
  to   space 8704K,   0% used [0x27c50000, 0x27c50000, 0x284d0000)
 tenured generation   total 174784K, used 174783K [0x28d50000, 0x33800000, 0x33800000)
   the space 174784K,  99% used [0x28d50000, 0x337ffff0, 0x33800000, 0x33800000)
 compacting perm gen  total 12288K, used 324K [0x33800000, 0x34400000, 0x37800000)
   the space 12288K,   2% used [0x33800000, 0x33851368, 0x33851400, 0x34400000)
    ro space 10240K,  44% used [0x37800000, 0x37c7c1d8, 0x37c7c200, 0x38200000)
    rw space 12288K,  52% used [0x38200000, 0x388440c0, 0x38844200, 0x38e00000)
}
Event: 563380.085 GC heap before
{Heap before GC invocations=41 (full 34):
 def new generation   total 78656K, used 78655K [0x23800000, 0x28d50000, 0x28d50000)
  eden space 69952K, 100% used [0x23800000, 0x27c50000, 0x27c50000)
  from space 8704K,  99% used [0x284d0000, 0x28d4fff0, 0x28d50000)
  to   space 8704K,   0% used [0x27c50000, 0x27c50000, 0x284d0000)
 tenured generation   total 174784K, used 174783K [0x28d50000, 0x33800000, 0x33800000)
   the space 174784K,  99% used [0x28d50000, 0x337ffff0, 0x33800000, 0x33800000)
 compacting perm gen  total 12288K, used 324K [0x33800000, 0x34400000, 0x37800000)
   the space 12288K,   2% used [0x33800000, 0x33851368, 0x33851400, 0x34400000)
    ro space 10240K,  44% used [0x37800000, 0x37c7c1d8, 0x37c7c200, 0x38200000)
    rw space 12288K,  52% used [0x38200000, 0x388440c0, 0x38844200, 0x38e00000)
Event: 563381.546 GC heap after
Heap after GC invocations=42 (full 35):
 def new generation   total 78656K, used 78655K [0x23800000, 0x28d50000, 0x28d50000)
  eden space 69952K, 100% used [0x23800000, 0x27c50000, 0x27c50000)
  from space 8704K,  99% used [0x284d0000, 0x28d4fff0, 0x28d50000)
  to   space 8704K,   0% used [0x27c50000, 0x27c50000, 0x284d0000)
 tenured generation   total 174784K, used 174783K [0x28d50000, 0x33800000, 0x33800000)
   the space 174784K,  99% used [0x28d50000, 0x337ffff0, 0x33800000, 0x33800000)
 compacting perm gen  total 12288K, used 324K [0x33800000, 0x34400000, 0x37800000)
   the space 12288K,   2% used [0x33800000, 0x33851368, 0x33851400, 0x34400000)
    ro space 10240K,  44% used [0x37800000, 0x37c7c1d8, 0x37c7c200, 0x38200000)
    rw space 12288K,  52% used [0x38200000, 0x388440c0, 0x38844200, 0x38e00000)
}
Event: 563381.546 GC heap before
{Heap before GC invocations=42 (full 35):
 def new generation   total 78656K, used 78655K [0x23800000, 0x28d50000, 0x28d50000)
  eden space 69952K, 100% used [0x23800000, 0x27c50000, 0x27c50000)
  from space 8704K,  99% used [0x284d0000, 0x28d4fff0, 0x28d50000)
  to   space 8704K,   0% used [0x27c50000, 0x27c50000, 0x284d0000)
 tenured generation   total 174784K, used 174783K [0x28d50000, 0x33800000, 0x33800000)
   the space 174784K,  99% used [0x28d50000, 0x337ffff0, 0x33800000, 0x33800000)
 compacting perm gen  total 12288K, used 324K [0x33800000, 0x34400000, 0x37800000)
   the space 12288K,   2% used [0x33800000, 0x33851368, 0x33851400, 0x34400000)
    ro space 10240K,  44% used [0x37800000, 0x37c7c1d8, 0x37c7c200, 0x38200000)
    rw space 12288K,  52% used [0x38200000, 0x388440c0, 0x38844200, 0x38e00000)
Event: 563383.000 GC heap after
Heap after GC invocations=43 (full 36):
 def new generation   total 78656K, used 78655K [0x23800000, 0x28d50000, 0x28d50000)
  eden space 69952K, 100% used [0x23800000, 0x27c50000, 0x27c50000)
  from space 8704K,  99% used [0x284d0000, 0x28d4fff0, 0x28d50000)
  to   space 8704K,   0% used [0x27c50000, 0x27c50000, 0x284d0000)
 tenured generation   total 174784K, used 174783K [0x28d50000, 0x33800000, 0x33800000)
   the space 174784K,  99% used [0x28d50000, 0x337ffff0, 0x33800000, 0x33800000)
 compacting perm gen  total 12288K, used 324K [0x33800000, 0x34400000, 0x37800000)
   the space 12288K,   2% used [0x33800000, 0x33851368, 0x33851400, 0x34400000)
    ro space 10240K,  44% used [0x37800000, 0x37c7c1d8, 0x37c7c200, 0x38200000)
    rw space 12288K,  52% used [0x38200000, 0x388440c0, 0x38844200, 0x38e00000)
}

Deoptimization events (0 events):
No events

Internal exceptions (10 events):
Event: 0.209 Thread 0x000ebc00 Threw 0x238592d8 at C:\re\jdk7u79\2331\hotspot\src\share\vm\prims\jni.cpp:717
Event: 0.222 Thread 0x000ebc00 Threw 0x238616a0 at C:\re\jdk7u79\2331\hotspot\src\share\vm\prims\jvm.cpp:1304
Event: 0.262 Thread 0x0064a400 Threw 0x2388fd10 at C:\re\jdk7u79\2331\hotspot\src\share\vm\prims\jvm.cpp:1304
Event: 0.266 Thread 0x0064a400 Threw 0x23893d90 at C:\re\jdk7u79\2331\hotspot\src\share\vm\prims\jvm.cpp:1304
Event: 38.231 Thread 0x0064a400 Threw 0x338005b8 at C:\re\jdk7u79\2331\hotspot\src\share\vm\gc_interface/collectedHeap.inline.hpp:170
Event: 38.231 Thread 0x0064a400 Threw 0x338005b8 at C:\re\jdk7u79\2331\hotspot\src\share\vm\prims\jvm.cpp:1308
Event: 44.060 Thread 0x0064a400 Threw 0x33800598 at C:\re\jdk7u79\2331\hotspot\src\share\vm\gc_interface/collectedHeap.inline.hpp:170
Event: 54.094 Thread 0x0064a400 Threw 0x33800578 at C:\re\jdk7u79\2331\hotspot\src\share\vm\gc_interface/collectedHeap.inline.hpp:170
Event: 563383.001 Thread 0x00649800 Threw 0x33800558 at C:\re\jdk7u79\2331\hotspot\src\share\vm\gc_interface/collectedHeap.inline.hpp:170
Event: 563383.001 Thread 0x00649800 Threw 0x33800558 at C:\re\jdk7u79\2331\hotspot\src\share\vm\oops\instanceKlass.cpp:548

Events (10 events):
Event: 563373.527 loading class 0x38e763c0
Event: 563373.600 loading class 0x38e763c0 done
Event: 563373.623 loading class 0x38e77d38
Event: 563373.623 loading class 0x38e77d38 done
Event: 563374.400 Executing VM operation: GenCollectForAllocation
Event: 563376.687 Executing VM operation: GenCollectForAllocation done
Event: 563378.199 Executing VM operation: GenCollectForAllocation
Event: 563380.083 Executing VM operation: GenCollectForAllocation done
Event: 563380.085 Executing VM operation: GenCollectForAllocation
Event: 563383.001 Executing VM operation: GenCollectForAllocation done


Dynamic libraries:
0x01050000 - 0x0107f000 	C:\Program Files\Java\jdk1.7.0_79\bin\javaw.exe
0x771a0000 - 0x772dc000 	C:\Windows\SYSTEM32\ntdll.dll
0x769d0000 - 0x76aa4000 	C:\Windows\system32\kernel32.dll
0x75570000 - 0x755ba000 	C:\Windows\system32\KERNELBASE.dll
0x76860000 - 0x76900000 	C:\Windows\system32\ADVAPI32.dll
0x75850000 - 0x758fc000 	C:\Windows\system32\msvcrt.dll
0x755f0000 - 0x75609000 	C:\Windows\SYSTEM32\sechost.dll
0x76fd0000 - 0x77071000 	C:\Windows\system32\RPCRT4.dll
0x75780000 - 0x75849000 	C:\Windows\system32\USER32.dll
0x76980000 - 0x769ce000 	C:\Windows\system32\GDI32.dll
0x75920000 - 0x7592a000 	C:\Windows\system32\LPK.dll
0x756e0000 - 0x7577d000 	C:\Windows\system32\USP10.dll
0x74110000 - 0x742ae000 	C:\Windows\WinSxS\x86_microsoft.windows.common-controls_6595b64144ccf1df_6.0.7600.20727_none_2b3db362452ca82d\COMCTL32.dll
0x77370000 - 0x773c7000 	C:\Windows\system32\SHLWAPI.dll
0x77080000 - 0x7709f000 	C:\Windows\system32\IMM32.DLL
0x75610000 - 0x756dc000 	C:\Windows\system32\MSCTF.dll
0x64cf0000 - 0x64daf000 	C:\Program Files\Java\jdk1.7.0_79\jre\bin\msvcr100.dll
0x5f970000 - 0x5fcf9000 	C:\Program Files\Java\jdk1.7.0_79\jre\bin\client\jvm.dll
0x72890000 - 0x72897000 	C:\Windows\system32\WSOCK32.dll
0x76f90000 - 0x76fc5000 	C:\Windows\system32\WS2_32.dll
0x76e40000 - 0x76e46000 	C:\Windows\system32\NSI.dll
0x73620000 - 0x73652000 	C:\Windows\system32\WINMM.dll
0x75910000 - 0x75915000 	C:\Windows\system32\PSAPI.DLL
0x738b0000 - 0x738bc000 	C:\Program Files\Java\jdk1.7.0_79\jre\bin\verify.dll
0x6f450000 - 0x6f470000 	C:\Program Files\Java\jdk1.7.0_79\jre\bin\java.dll
0x6c310000 - 0x6c323000 	C:\Program Files\Java\jdk1.7.0_79\jre\bin\zip.dll
0x61ee0000 - 0x62023000 	C:\Program Files\Java\jdk1.7.0_79\jre\bin\awt.dll
0x75930000 - 0x759bf000 	C:\Windows\system32\OLEAUT32.dll
0x76ce0000 - 0x76e3c000 	C:\Windows\system32\ole32.dll
0x73fd0000 - 0x74010000 	C:\Windows\system32\uxtheme.dll
0x73cb0000 - 0x73cc3000 	C:\Windows\system32\dwmapi.dll
0x75270000 - 0x7527c000 	C:\Windows\system32\CRYPTBASE.dll
0x74570000 - 0x7465b000 	C:\Windows\system32\dbghelp.dll

VM Arguments:
jvm_args: -Dfile.encoding=Cp1252 
java_command: Manager
Launcher Type: SUN_STANDARD

Environment Variables:
JAVA_HOME=C:\Program Files\Java\jdk1.7.0_79
PATH=C:/Program Files/Java/jre7/bin/client;C:/Program Files/Java/jre7/bin;C:/Program Files/Java/jre7/lib/i386;C:\Windows\system32;C:\Windows;C:\Windows\System32\Wbem;C:\Windows\System32\WindowsPowerShell\v1.0\;C:\Program Files\WIDCOMM\Bluetooth Software\;C:\Program Files\Microsoft SQL Server\110\Tools\Binn\;C:\Program Files\GtkSharp\2.12\bin;C:\Program Files\Java\jdk1.7.0_79\bin;D:\java-ws\sts-bundle\sts-3.7.2.RELEASE;
USERNAME=Administrator
OS=Windows_NT
PROCESSOR_IDENTIFIER=x86 Family 6 Model 23 Stepping 10, GenuineIntel



---------------  S Y S T E M  ---------------

OS: Windows 7 Build 7600 

CPU:total 2 (2 cores per cpu, 1 threads per core) family 6 model 23 stepping 10, cmov, cx8, fxsr, mmx, sse, sse2, sse3, ssse3, sse4.1, tsc

Memory: 4k page, physical 2024372k(148956k free), swap 4048744k(1123936k free)

vm_info: Java HotSpot(TM) Client VM (24.79-b02) for windows-x86 JRE (1.7.0_79-b15), built on Apr 10 2015 16:49:13 by "java_re" with unknown MS VC++:1600

time: Mon Aug 01 22:42:53 2016
elapsed time: 563386 seconds

